d:\info\1st year\2nd semester\programming project\decryptproject\decryptproject\decryptproject\x64\debug\vc143.pdb
d:\info\1st year\2nd semester\programming project\decryptproject\decryptproject\decryptproject\x64\debug\vc143.idb
d:\info\1st year\2nd semester\programming project\decryptproject\decryptproject\decryptproject\x64\debug\xor.obj
d:\info\1st year\2nd semester\programming project\decryptproject\decryptproject\decryptproject\x64\debug\vigenere.obj
d:\info\1st year\2nd semester\programming project\decryptproject\decryptproject\decryptproject\x64\debug\railfence.obj
d:\info\1st year\2nd semester\programming project\decryptproject\decryptproject\decryptproject\x64\debug\morse.obj
d:\info\1st year\2nd semester\programming project\decryptproject\decryptproject\decryptproject\x64\debug\hex_utils.obj
d:\info\1st year\2nd semester\programming project\decryptproject\decryptproject\decryptproject\x64\debug\decryptproject.obj
d:\info\1st year\2nd semester\programming project\decryptproject\decryptproject\decryptproject\x64\debug\affine.obj
d:\info\1st year\2nd semester\programming project\decryptproject\decryptproject\x64\debug\decryptproject.exe
d:\info\1st year\2nd semester\programming project\decryptproject\decryptproject\x64\debug\decryptproject.pdb
d:\info\1st year\2nd semester\programming project\decryptproject\decryptproject\decryptproject\x64\debug\decryptproject.ilk
d:\info\1st year\2nd semester\programming project\decryptproject\decryptproject\decryptproject\x64\debug\decryptproject.tlog\cl.command.1.tlog
d:\info\1st year\2nd semester\programming project\decryptproject\decryptproject\decryptproject\x64\debug\decryptproject.tlog\cl.items.tlog
d:\info\1st year\2nd semester\programming project\decryptproject\decryptproject\decryptproject\x64\debug\decryptproject.tlog\cl.read.1.tlog
d:\info\1st year\2nd semester\programming project\decryptproject\decryptproject\decryptproject\x64\debug\decryptproject.tlog\cl.write.1.tlog
d:\info\1st year\2nd semester\programming project\decryptproject\decryptproject\decryptproject\x64\debug\decryptproject.tlog\link.command.1.tlog
d:\info\1st year\2nd semester\programming project\decryptproject\decryptproject\decryptproject\x64\debug\decryptproject.tlog\link.read.1.tlog
d:\info\1st year\2nd semester\programming project\decryptproject\decryptproject\decryptproject\x64\debug\decryptproject.tlog\link.secondary.1.tlog
d:\info\1st year\2nd semester\programming project\decryptproject\decryptproject\decryptproject\x64\debug\decryptproject.tlog\link.write.1.tlog
